This is pdfTeX, Version 3.14159265-2.6-1.40.18 (MiKTeX 2.9.6300) (preloaded format=pdflatex 2017.5.19)  19 JUN 2017 16:35
entering extended mode
**./Textbook.tex
(Textbook.tex
LaTeX2e <2017-04-15>
Babel <3.9r> and hyphenation patterns for 75 language(s) loaded.
("C:\Program Files\MiKTeX 2.9\tex\latex\base\book.cls"
Document Class: book 2014/09/29 v1.4h Standard LaTeX document class
("C:\Program Files\MiKTeX 2.9\tex\latex\base\bk10.clo"
File: bk10.clo 2014/09/29 v1.4h Standard LaTeX file (size option)
)
\c@part=\count79
\c@chapter=\count80
\c@section=\count81
\c@subsection=\count82
\c@subsubsection=\count83
\c@paragraph=\count84
\c@subparagraph=\count85
\c@figure=\count86
\c@table=\count87
\abovecaptionskip=\skip41
\belowcaptionskip=\skip42
\bibindent=\dimen102
)
("C:\Program Files\MiKTeX 2.9\tex\latex\graphics\graphicx.sty"
Package: graphicx 2014/10/28 v1.0g Enhanced LaTeX Graphics (DPC,SPQR)

("C:\Program Files\MiKTeX 2.9\tex\latex\graphics\keyval.sty"
Package: keyval 2014/10/28 v1.15 key=value parser (DPC)
\KV@toks@=\toks14
)
("C:\Program Files\MiKTeX 2.9\tex\latex\graphics\graphics.sty"
Package: graphics 2017/04/14 v1.1b Standard LaTeX Graphics (DPC,SPQR)

("C:\Program Files\MiKTeX 2.9\tex\latex\graphics\trig.sty"
Package: trig 2016/01/03 v1.10 sin cos tan (DPC)
)
("C:\Program Files\MiKTeX 2.9\tex\latex\graphics-cfg\graphics.cfg"
File: graphics.cfg 2016/06/04 v1.11 sample graphics configuration
)
Package graphics Info: Driver file: pdftex.def on input line 99.

("C:\Program Files\MiKTeX 2.9\tex\latex\graphics-def\pdftex.def"
File: pdftex.def 2017/01/12 v0.06k Graphics/color for pdfTeX

("C:\Program Files\MiKTeX 2.9\tex\generic\oberdiek\infwarerr.sty"
Package: infwarerr 2016/05/16 v1.4 Providing info/warning/error messages (HO)
)
("C:\Program Files\MiKTeX 2.9\tex\generic\oberdiek\ltxcmds.sty"
Package: ltxcmds 2016/05/16 v1.23 LaTeX kernel commands for general use (HO)
)
\Gread@gobject=\count88
))
\Gin@req@height=\dimen103
\Gin@req@width=\dimen104
)
("C:\Program Files\MiKTeX 2.9\tex\latex\url\url.sty"
\Urlmuskip=\muskip10
Package: url 2013/09/16  ver 3.4  Verb mode for urls, etc.
)
("C:\Program Files\MiKTeX 2.9\tex\latex\csquotes\csquotes.sty"
Package: csquotes 2017/03/11 v5.2b context-sensitive quotations (JAW)

("C:\Program Files\MiKTeX 2.9\tex\latex\etoolbox\etoolbox.sty"
Package: etoolbox 2017/01/02 v2.4 e-TeX tools for LaTeX (JAW)
\etb@tempcnta=\count89
)
\csq@reset=\count90
\csq@gtype=\count91
\csq@glevel=\count92
\csq@qlevel=\count93
\csq@maxlvl=\count94
\csq@tshold=\count95
\csq@ltx@everypar=\toks15

("C:\Program Files\MiKTeX 2.9\tex\latex\csquotes\csquotes.def"
File: csquotes.def 2017/03/11 v5.2b csquotes generic definitions (JAW)
)
Package csquotes Info: Trying to load configuration file 'csquotes.cfg'...
Package csquotes Info: ... configuration file loaded successfully.

("C:\Program Files\MiKTeX 2.9\tex\latex\csquotes\csquotes.cfg"
File: csquotes.cfg 
))
("C:\Program Files\MiKTeX 2.9\tex\latex\base\textcomp.sty"
Package: textcomp 2017/04/05 v2.0i Standard LaTeX package
Package textcomp Info: Sub-encoding information:
(textcomp)               5 = only ISO-Adobe without \textcurrency
(textcomp)               4 = 5 + \texteuro
(textcomp)               3 = 4 + \textohm
(textcomp)               2 = 3 + \textestimated + \textcurrency
(textcomp)               1 = TS1 - \textcircled - \t
(textcomp)               0 = TS1 (full)
(textcomp)             Font families with sub-encoding setting implement
(textcomp)             only a restricted character set as indicated.
(textcomp)             Family '?' is the default used for unknown fonts.
(textcomp)             See the documentation for details.
Package textcomp Info: Setting ? sub-encoding to TS1/1 on input line 79.

("C:\Program Files\MiKTeX 2.9\tex\latex\base\ts1enc.def"
File: ts1enc.def 2001/06/05 v3.0e (jk/car/fm) Standard LaTeX file
)
LaTeX Info: Redefining \oldstylenums on input line 334.
Package textcomp Info: Setting cmr sub-encoding to TS1/0 on input line 349.
Package textcomp Info: Setting cmss sub-encoding to TS1/0 on input line 350.
Package textcomp Info: Setting cmtt sub-encoding to TS1/0 on input line 351.
Package textcomp Info: Setting cmvtt sub-encoding to TS1/0 on input line 352.
Package textcomp Info: Setting cmbr sub-encoding to TS1/0 on input line 353.
Package textcomp Info: Setting cmtl sub-encoding to TS1/0 on input line 354.
Package textcomp Info: Setting ccr sub-encoding to TS1/0 on input line 355.
Package textcomp Info: Setting ptm sub-encoding to TS1/4 on input line 356.
Package textcomp Info: Setting pcr sub-encoding to TS1/4 on input line 357.
Package textcomp Info: Setting phv sub-encoding to TS1/4 on input line 358.
Package textcomp Info: Setting ppl sub-encoding to TS1/3 on input line 359.
Package textcomp Info: Setting pag sub-encoding to TS1/4 on input line 360.
Package textcomp Info: Setting pbk sub-encoding to TS1/4 on input line 361.
Package textcomp Info: Setting pnc sub-encoding to TS1/4 on input line 362.
Package textcomp Info: Setting pzc sub-encoding to TS1/4 on input line 363.
Package textcomp Info: Setting bch sub-encoding to TS1/4 on input line 364.
Package textcomp Info: Setting put sub-encoding to TS1/5 on input line 365.
Package textcomp Info: Setting uag sub-encoding to TS1/5 on input line 366.
Package textcomp Info: Setting ugq sub-encoding to TS1/5 on input line 367.
Package textcomp Info: Setting ul8 sub-encoding to TS1/4 on input line 368.
Package textcomp Info: Setting ul9 sub-encoding to TS1/4 on input line 369.
Package textcomp Info: Setting augie sub-encoding to TS1/5 on input line 370.
Package textcomp Info: Setting dayrom sub-encoding to TS1/3 on input line 371.
Package textcomp Info: Setting dayroms sub-encoding to TS1/3 on input line 372.

Package textcomp Info: Setting pxr sub-encoding to TS1/0 on input line 373.
Package textcomp Info: Setting pxss sub-encoding to TS1/0 on input line 374.
Package textcomp Info: Setting pxtt sub-encoding to TS1/0 on input line 375.
Package textcomp Info: Setting txr sub-encoding to TS1/0 on input line 376.
Package textcomp Info: Setting txss sub-encoding to TS1/0 on input line 377.
Package textcomp Info: Setting txtt sub-encoding to TS1/0 on input line 378.
Package textcomp Info: Setting lmr sub-encoding to TS1/0 on input line 379.
Package textcomp Info: Setting lmdh sub-encoding to TS1/0 on input line 380.
Package textcomp Info: Setting lmss sub-encoding to TS1/0 on input line 381.
Package textcomp Info: Setting lmssq sub-encoding to TS1/0 on input line 382.
Package textcomp Info: Setting lmvtt sub-encoding to TS1/0 on input line 383.
Package textcomp Info: Setting lmtt sub-encoding to TS1/0 on input line 384.
Package textcomp Info: Setting qhv sub-encoding to TS1/0 on input line 385.
Package textcomp Info: Setting qag sub-encoding to TS1/0 on input line 386.
Package textcomp Info: Setting qbk sub-encoding to TS1/0 on input line 387.
Package textcomp Info: Setting qcr sub-encoding to TS1/0 on input line 388.
Package textcomp Info: Setting qcs sub-encoding to TS1/0 on input line 389.
Package textcomp Info: Setting qpl sub-encoding to TS1/0 on input line 390.
Package textcomp Info: Setting qtm sub-encoding to TS1/0 on input line 391.
Package textcomp Info: Setting qzc sub-encoding to TS1/0 on input line 392.
Package textcomp Info: Setting qhvc sub-encoding to TS1/0 on input line 393.
Package textcomp Info: Setting futs sub-encoding to TS1/4 on input line 394.
Package textcomp Info: Setting futx sub-encoding to TS1/4 on input line 395.
Package textcomp Info: Setting futj sub-encoding to TS1/4 on input line 396.
Package textcomp Info: Setting hlh sub-encoding to TS1/3 on input line 397.
Package textcomp Info: Setting hls sub-encoding to TS1/3 on input line 398.
Package textcomp Info: Setting hlst sub-encoding to TS1/3 on input line 399.
Package textcomp Info: Setting hlct sub-encoding to TS1/5 on input line 400.
Package textcomp Info: Setting hlx sub-encoding to TS1/5 on input line 401.
Package textcomp Info: Setting hlce sub-encoding to TS1/5 on input line 402.
Package textcomp Info: Setting hlcn sub-encoding to TS1/5 on input line 403.
Package textcomp Info: Setting hlcw sub-encoding to TS1/5 on input line 404.
Package textcomp Info: Setting hlcf sub-encoding to TS1/5 on input line 405.
Package textcomp Info: Setting pplx sub-encoding to TS1/3 on input line 406.
Package textcomp Info: Setting pplj sub-encoding to TS1/3 on input line 407.
Package textcomp Info: Setting ptmx sub-encoding to TS1/4 on input line 408.
Package textcomp Info: Setting ptmj sub-encoding to TS1/4 on input line 409.
)
("C:\Program Files\MiKTeX 2.9\tex\latex\menukeys\menukeys.sty"
Package: menukeys 2016/08/08 v1.5 -- A package to format menus, paths and short
cuts

("C:\Program Files\MiKTeX 2.9\tex\latex\l3packages\xparse\xparse.sty"
("C:\Program Files\MiKTeX 2.9\tex\latex\l3kernel\expl3.sty"
Package: expl3 2017/05/13 L3 programming layer (loader) 

("C:\Program Files\MiKTeX 2.9\tex\latex\l3kernel\expl3-code.tex"
Package: expl3 2017/05/13 L3 programming layer (code)
\c_max_int=\count96
\l_tmpa_int=\count97
\l_tmpb_int=\count98
\g_tmpa_int=\count99
\g_tmpb_int=\count100
\g__prg_map_int=\count101
\c_log_iow=\count102
\l_iow_line_count_int=\count103
\l__iow_line_target_int=\count104
\l__iow_one_indent_int=\count105
\l__iow_indent_int=\count106
\c_zero_dim=\dimen105
\c_max_dim=\dimen106
\l_tmpa_dim=\dimen107
\l_tmpb_dim=\dimen108
\g_tmpa_dim=\dimen109
\g_tmpb_dim=\dimen110
\c_zero_skip=\skip43
\c_max_skip=\skip44
\l_tmpa_skip=\skip45
\l_tmpb_skip=\skip46
\g_tmpa_skip=\skip47
\g_tmpb_skip=\skip48
\c_zero_muskip=\muskip11
\c_max_muskip=\muskip12
\l_tmpa_muskip=\muskip13
\l_tmpb_muskip=\muskip14
\g_tmpa_muskip=\muskip15
\g_tmpb_muskip=\muskip16
\l_keys_choice_int=\count107
\c__fp_leading_shift_int=\count108
\c__fp_middle_shift_int=\count109
\c__fp_trailing_shift_int=\count110
\c__fp_big_leading_shift_int=\count111
\c__fp_big_middle_shift_int=\count112
\c__fp_big_trailing_shift_int=\count113
\c__fp_Bigg_leading_shift_int=\count114
\c__fp_Bigg_middle_shift_int=\count115
\c__fp_Bigg_trailing_shift_int=\count116
\c__fp_rand_size_int=\count117
\c__fp_rand_four_int=\count118
\c__fp_rand_eight_int=\count119
\l__sort_length_int=\count120
\l__sort_min_int=\count121
\l__sort_top_int=\count122
\l__sort_max_int=\count123
\l__sort_true_max_int=\count124
\l__sort_block_int=\count125
\l__sort_begin_int=\count126
\l__sort_end_int=\count127
\l__sort_A_int=\count128
\l__sort_B_int=\count129
\l__sort_C_int=\count130
\c_empty_box=\box26
\l_tmpa_box=\box27
\l_tmpb_box=\box28
\g_tmpa_box=\box29
\g_tmpb_box=\box30
\l__box_top_dim=\dimen111
\l__box_bottom_dim=\dimen112
\l__box_left_dim=\dimen113
\l__box_right_dim=\dimen114
\l__box_top_new_dim=\dimen115
\l__box_bottom_new_dim=\dimen116
\l__box_left_new_dim=\dimen117
\l__box_right_new_dim=\dimen118
\l__box_internal_box=\box31
\l__coffin_internal_box=\box32
\l__coffin_internal_dim=\dimen119
\l__coffin_offset_x_dim=\dimen120
\l__coffin_offset_y_dim=\dimen121
\l__coffin_x_dim=\dimen122
\l__coffin_y_dim=\dimen123
\l__coffin_x_prime_dim=\dimen124
\l__coffin_y_prime_dim=\dimen125
\c_empty_coffin=\box33
\l__coffin_aligned_coffin=\box34
\l__coffin_aligned_internal_coffin=\box35
\l_tmpa_coffin=\box36
\l_tmpb_coffin=\box37
\l__coffin_display_coffin=\box38
\l__coffin_display_coord_coffin=\box39
\l__coffin_display_pole_coffin=\box40
\l__coffin_display_offset_dim=\dimen126
\l__coffin_display_x_dim=\dimen127
\l__coffin_display_y_dim=\dimen128
\l__coffin_bounding_shift_dim=\dimen129
\l__coffin_left_corner_dim=\dimen130
\l__coffin_right_corner_dim=\dimen131
\l__coffin_bottom_corner_dim=\dimen132
\l__coffin_top_corner_dim=\dimen133
\l__coffin_scaled_total_height_dim=\dimen134
\l__coffin_scaled_width_dim=\dimen135
)
("C:\Program Files\MiKTeX 2.9\tex\latex\l3kernel\l3pdfmode.def"
File: l3pdfmode.def 2017/03/18 v L3 Experimental driver: PDF mode
\l__driver_color_stack_int=\count131
\l__driver_tmp_box=\box41
))
Package: xparse 2017/05/13 L3 Experimental document command parser
\l__xparse_current_arg_int=\count132
\g__xparse_grabber_int=\count133
\l__xparse_m_args_int=\count134
\l__xparse_mandatory_args_int=\count135
\l__xparse_v_nesting_int=\count136
)
("C:\Program Files\MiKTeX 2.9\tex\latex\xstring\xstring.sty"
("C:\Program Files\MiKTeX 2.9\tex\generic\xstring\xstring.tex"
\@xs@message=\write3
\integerpart=\count137
\decimalpart=\count138
)
Package: xstring 2013/10/13  v1.7c  String manipulations (C Tellechea)
)
("C:\Program Files\MiKTeX 2.9\tex\latex\pgf\frontendlayer\tikz.sty"
("C:\Program Files\MiKTeX 2.9\tex\latex\pgf\basiclayer\pgf.sty"
("C:\Program Files\MiKTeX 2.9\tex\latex\pgf\utilities\pgfrcs.sty"
("C:\Program Files\MiKTeX 2.9\tex\generic\pgf\utilities\pgfutil-common.tex"
\pgfutil@everybye=\toks16
\pgfutil@tempdima=\dimen136
\pgfutil@tempdimb=\dimen137

("C:\Program Files\MiKTeX 2.9\tex\generic\pgf\utilities\pgfutil-common-lists.te
x")) ("C:\Program Files\MiKTeX 2.9\tex\generic\pgf\utilities\pgfutil-latex.def"
\pgfutil@abb=\box42
("C:\Program Files\MiKTeX 2.9\tex\latex\ms\everyshi.sty"
Package: everyshi 2001/05/15 v3.00 EveryShipout Package (MS)
))
("C:\Program Files\MiKTeX 2.9\tex\generic\pgf\utilities\pgfrcs.code.tex"
Package: pgfrcs 2015/08/07 v3.0.1a (rcs-revision 1.31)
))
Package: pgf 2015/08/07 v3.0.1a (rcs-revision 1.15)

("C:\Program Files\MiKTeX 2.9\tex\latex\pgf\basiclayer\pgfcore.sty"
("C:\Program Files\MiKTeX 2.9\tex\latex\pgf\systemlayer\pgfsys.sty"
("C:\Program Files\MiKTeX 2.9\tex\generic\pgf\systemlayer\pgfsys.code.tex"
Package: pgfsys 2014/07/09 v3.0.1a (rcs-revision 1.48)

("C:\Program Files\MiKTeX 2.9\tex\generic\pgf\utilities\pgfkeys.code.tex"
\pgfkeys@pathtoks=\toks17
\pgfkeys@temptoks=\toks18

("C:\Program Files\MiKTeX 2.9\tex\generic\pgf\utilities\pgfkeysfiltered.code.te
x"
\pgfkeys@tmptoks=\toks19
))
\pgf@x=\dimen138
\pgf@y=\dimen139
\pgf@xa=\dimen140
\pgf@ya=\dimen141
\pgf@xb=\dimen142
\pgf@yb=\dimen143
\pgf@xc=\dimen144
\pgf@yc=\dimen145
\w@pgf@writea=\write4
\r@pgf@reada=\read1
\c@pgf@counta=\count139
\c@pgf@countb=\count140
\c@pgf@countc=\count141
\c@pgf@countd=\count142
\t@pgf@toka=\toks20
\t@pgf@tokb=\toks21
\t@pgf@tokc=\toks22
 ("C:\Program Files\MiKTeX 2.9\tex\generic\pgf\systemlayer\pgf.cfg"
File: pgf.cfg 2008/05/14  (rcs-revision 1.7)
)
Driver file for pgf: pgfsys-pdftex.def

("C:\Program Files\MiKTeX 2.9\tex\generic\pgf\systemlayer\pgfsys-pdftex.def"
File: pgfsys-pdftex.def 2014/10/11  (rcs-revision 1.35)

("C:\Program Files\MiKTeX 2.9\tex\generic\pgf\systemlayer\pgfsys-common-pdf.def
"
File: pgfsys-common-pdf.def 2013/10/10  (rcs-revision 1.13)
)))
("C:\Program Files\MiKTeX 2.9\tex\generic\pgf\systemlayer\pgfsyssoftpath.code.t
ex"
File: pgfsyssoftpath.code.tex 2013/09/09  (rcs-revision 1.9)
\pgfsyssoftpath@smallbuffer@items=\count143
\pgfsyssoftpath@bigbuffer@items=\count144
)
("C:\Program Files\MiKTeX 2.9\tex\generic\pgf\systemlayer\pgfsysprotocol.code.t
ex"
File: pgfsysprotocol.code.tex 2006/10/16  (rcs-revision 1.4)
)) ("C:\Program Files\MiKTeX 2.9\tex\latex\xcolor\xcolor.sty"
Package: xcolor 2016/05/11 v2.12 LaTeX color extensions (UK)

("C:\Program Files\MiKTeX 2.9\tex\latex\graphics-cfg\color.cfg"
File: color.cfg 2016/01/02 v1.6 sample color configuration
)
Package xcolor Info: Driver file: pdftex.def on input line 225.
Package xcolor Info: Model `cmy' substituted by `cmy0' on input line 1348.
Package xcolor Info: Model `hsb' substituted by `rgb' on input line 1352.
Package xcolor Info: Model `RGB' extended on input line 1364.
Package xcolor Info: Model `HTML' substituted by `rgb' on input line 1366.
Package xcolor Info: Model `Hsb' substituted by `hsb' on input line 1367.
Package xcolor Info: Model `tHsb' substituted by `hsb' on input line 1368.
Package xcolor Info: Model `HSB' substituted by `hsb' on input line 1369.
Package xcolor Info: Model `Gray' substituted by `gray' on input line 1370.
Package xcolor Info: Model `wave' substituted by `hsb' on input line 1371.
)
("C:\Program Files\MiKTeX 2.9\tex\generic\pgf\basiclayer\pgfcore.code.tex"
Package: pgfcore 2010/04/11 v3.0.1a (rcs-revision 1.7)

("C:\Program Files\MiKTeX 2.9\tex\generic\pgf\math\pgfmath.code.tex"
("C:\Program Files\MiKTeX 2.9\tex\generic\pgf\math\pgfmathcalc.code.tex"
("C:\Program Files\MiKTeX 2.9\tex\generic\pgf\math\pgfmathutil.code.tex")
("C:\Program Files\MiKTeX 2.9\tex\generic\pgf\math\pgfmathparser.code.tex"
\pgfmath@dimen=\dimen146
\pgfmath@count=\count145
\pgfmath@box=\box43
\pgfmath@toks=\toks23
\pgfmath@stack@operand=\toks24
\pgfmath@stack@operation=\toks25
)
("C:\Program Files\MiKTeX 2.9\tex\generic\pgf\math\pgfmathfunctions.code.tex"
("C:\Program Files\MiKTeX 2.9\tex\generic\pgf\math\pgfmathfunctions.basic.code.
tex")
("C:\Program Files\MiKTeX 2.9\tex\generic\pgf\math\pgfmathfunctions.trigonometr
ic.code.tex")
("C:\Program Files\MiKTeX 2.9\tex\generic\pgf\math\pgfmathfunctions.random.code
.tex")
("C:\Program Files\MiKTeX 2.9\tex\generic\pgf\math\pgfmathfunctions.comparison.
code.tex")
("C:\Program Files\MiKTeX 2.9\tex\generic\pgf\math\pgfmathfunctions.base.code.t
ex")
("C:\Program Files\MiKTeX 2.9\tex\generic\pgf\math\pgfmathfunctions.round.code.
tex")
("C:\Program Files\MiKTeX 2.9\tex\generic\pgf\math\pgfmathfunctions.misc.code.t
ex")
("C:\Program Files\MiKTeX 2.9\tex\generic\pgf\math\pgfmathfunctions.integerarit
hmetics.code.tex")))
("C:\Program Files\MiKTeX 2.9\tex\generic\pgf\math\pgfmathfloat.code.tex"
\c@pgfmathroundto@lastzeros=\count146
))
("C:\Program Files\MiKTeX 2.9\tex\generic\pgf\basiclayer\pgfcorepoints.code.tex
"
File: pgfcorepoints.code.tex 2013/10/07  (rcs-revision 1.27)
\pgf@picminx=\dimen147
\pgf@picmaxx=\dimen148
\pgf@picminy=\dimen149
\pgf@picmaxy=\dimen150
\pgf@pathminx=\dimen151
\pgf@pathmaxx=\dimen152
\pgf@pathminy=\dimen153
\pgf@pathmaxy=\dimen154
\pgf@xx=\dimen155
\pgf@xy=\dimen156
\pgf@yx=\dimen157
\pgf@yy=\dimen158
\pgf@zx=\dimen159
\pgf@zy=\dimen160
)
("C:\Program Files\MiKTeX 2.9\tex\generic\pgf\basiclayer\pgfcorepathconstruct.c
ode.tex"
File: pgfcorepathconstruct.code.tex 2013/10/07  (rcs-revision 1.29)
\pgf@path@lastx=\dimen161
\pgf@path@lasty=\dimen162
)
("C:\Program Files\MiKTeX 2.9\tex\generic\pgf\basiclayer\pgfcorepathusage.code.
tex"
File: pgfcorepathusage.code.tex 2014/11/02  (rcs-revision 1.24)
\pgf@shorten@end@additional=\dimen163
\pgf@shorten@start@additional=\dimen164
)
("C:\Program Files\MiKTeX 2.9\tex\generic\pgf\basiclayer\pgfcorescopes.code.tex
"
File: pgfcorescopes.code.tex 2015/05/08  (rcs-revision 1.46)
\pgfpic=\box44
\pgf@hbox=\box45
\pgf@layerbox@main=\box46
\pgf@picture@serial@count=\count147
)
("C:\Program Files\MiKTeX 2.9\tex\generic\pgf\basiclayer\pgfcoregraphicstate.co
de.tex"
File: pgfcoregraphicstate.code.tex 2014/11/02  (rcs-revision 1.12)
\pgflinewidth=\dimen165
)
("C:\Program Files\MiKTeX 2.9\tex\generic\pgf\basiclayer\pgfcoretransformations
.code.tex"
File: pgfcoretransformations.code.tex 2015/08/07  (rcs-revision 1.20)
\pgf@pt@x=\dimen166
\pgf@pt@y=\dimen167
\pgf@pt@temp=\dimen168
)
("C:\Program Files\MiKTeX 2.9\tex\generic\pgf\basiclayer\pgfcorequick.code.tex"
File: pgfcorequick.code.tex 2008/10/09  (rcs-revision 1.3)
)
("C:\Program Files\MiKTeX 2.9\tex\generic\pgf\basiclayer\pgfcoreobjects.code.te
x"
File: pgfcoreobjects.code.tex 2006/10/11  (rcs-revision 1.2)
)
("C:\Program Files\MiKTeX 2.9\tex\generic\pgf\basiclayer\pgfcorepathprocessing.
code.tex"
File: pgfcorepathprocessing.code.tex 2013/09/09  (rcs-revision 1.9)
)
("C:\Program Files\MiKTeX 2.9\tex\generic\pgf\basiclayer\pgfcorearrows.code.tex
"
File: pgfcorearrows.code.tex 2015/05/14  (rcs-revision 1.43)
\pgfarrowsep=\dimen169
)
("C:\Program Files\MiKTeX 2.9\tex\generic\pgf\basiclayer\pgfcoreshade.code.tex"
File: pgfcoreshade.code.tex 2013/07/15  (rcs-revision 1.15)
\pgf@max=\dimen170
\pgf@sys@shading@range@num=\count148
) ("C:\Program Files\MiKTeX 2.9\tex\generic\pgf\basiclayer\pgfcoreimage.code.te
x"
File: pgfcoreimage.code.tex 2013/07/15  (rcs-revision 1.18)

("C:\Program Files\MiKTeX 2.9\tex\generic\pgf\basiclayer\pgfcoreexternal.code.t
ex"
File: pgfcoreexternal.code.tex 2014/07/09  (rcs-revision 1.21)
\pgfexternal@startupbox=\box47
))
("C:\Program Files\MiKTeX 2.9\tex\generic\pgf\basiclayer\pgfcorelayers.code.tex
"
File: pgfcorelayers.code.tex 2013/07/18  (rcs-revision 1.7)
)
("C:\Program Files\MiKTeX 2.9\tex\generic\pgf\basiclayer\pgfcoretransparency.co
de.tex"
File: pgfcoretransparency.code.tex 2013/09/30  (rcs-revision 1.5)
)
("C:\Program Files\MiKTeX 2.9\tex\generic\pgf\basiclayer\pgfcorepatterns.code.t
ex"
File: pgfcorepatterns.code.tex 2013/11/07  (rcs-revision 1.5)
)))
("C:\Program Files\MiKTeX 2.9\tex\generic\pgf\modules\pgfmoduleshapes.code.tex"
File: pgfmoduleshapes.code.tex 2014/03/21  (rcs-revision 1.35)
\pgfnodeparttextbox=\box48
) ("C:\Program Files\MiKTeX 2.9\tex\generic\pgf\modules\pgfmoduleplot.code.tex"
File: pgfmoduleplot.code.tex 2015/08/03  (rcs-revision 1.13)
)
("C:\Program Files\MiKTeX 2.9\tex\latex\pgf\compatibility\pgfcomp-version-0-65.
sty"
Package: pgfcomp-version-0-65 2007/07/03 v3.0.1a (rcs-revision 1.7)
\pgf@nodesepstart=\dimen171
\pgf@nodesepend=\dimen172
)
("C:\Program Files\MiKTeX 2.9\tex\latex\pgf\compatibility\pgfcomp-version-1-18.
sty"
Package: pgfcomp-version-1-18 2007/07/23 v3.0.1a (rcs-revision 1.1)
)) ("C:\Program Files\MiKTeX 2.9\tex\latex\pgf\utilities\pgffor.sty"
("C:\Program Files\MiKTeX 2.9\tex\latex\pgf\utilities\pgfkeys.sty"
("C:\Program Files\MiKTeX 2.9\tex\generic\pgf\utilities\pgfkeys.code.tex"))
("C:\Program Files\MiKTeX 2.9\tex\latex\pgf\math\pgfmath.sty"
("C:\Program Files\MiKTeX 2.9\tex\generic\pgf\math\pgfmath.code.tex"))
("C:\Program Files\MiKTeX 2.9\tex\generic\pgf\utilities\pgffor.code.tex"
Package: pgffor 2013/12/13 v3.0.1a (rcs-revision 1.25)

("C:\Program Files\MiKTeX 2.9\tex\generic\pgf\math\pgfmath.code.tex")
\pgffor@iter=\dimen173
\pgffor@skip=\dimen174
\pgffor@stack=\toks26
\pgffor@toks=\toks27
))
("C:\Program Files\MiKTeX 2.9\tex\generic\pgf\frontendlayer\tikz\tikz.code.tex"
Package: tikz 2015/08/07 v3.0.1a (rcs-revision 1.151)

("C:\Program Files\MiKTeX 2.9\tex\generic\pgf\libraries\pgflibraryplothandlers.
code.tex"
File: pgflibraryplothandlers.code.tex 2013/08/31 v3.0.1a (rcs-revision 1.20)
\pgf@plot@mark@count=\count149
\pgfplotmarksize=\dimen175
)
\tikz@lastx=\dimen176
\tikz@lasty=\dimen177
\tikz@lastxsaved=\dimen178
\tikz@lastysaved=\dimen179
\tikzleveldistance=\dimen180
\tikzsiblingdistance=\dimen181
\tikz@figbox=\box49
\tikz@figbox@bg=\box50
\tikz@tempbox=\box51
\tikz@tempbox@bg=\box52
\tikztreelevel=\count150
\tikznumberofchildren=\count151
\tikznumberofcurrentchild=\count152
\tikz@fig@count=\count153

("C:\Program Files\MiKTeX 2.9\tex\generic\pgf\modules\pgfmodulematrix.code.tex"
File: pgfmodulematrix.code.tex 2013/09/17  (rcs-revision 1.8)
\pgfmatrixcurrentrow=\count154
\pgfmatrixcurrentcolumn=\count155
\pgf@matrix@numberofcolumns=\count156
)
\tikz@expandcount=\count157

("C:\Program Files\MiKTeX 2.9\tex\generic\pgf\frontendlayer\tikz\libraries\tikz
librarytopaths.code.tex"
File: tikzlibrarytopaths.code.tex 2008/06/17 v3.0.1a (rcs-revision 1.2)
)))
("C:\Program Files\MiKTeX 2.9\tex\generic\pgf\frontendlayer\tikz\libraries\tikz
librarycalc.code.tex"
File: tikzlibrarycalc.code.tex 2013/07/15 v3.0.1a (rcs-revision 1.9)
)
("C:\Program Files\MiKTeX 2.9\tex\generic\pgf\frontendlayer\tikz\libraries\tikz
libraryshapes.symbols.code.tex"
File: tikzlibraryshapes.symbols.code.tex 2008/01/09 v3.0.1a (rcs-revision 1.1)

("C:\Program Files\MiKTeX 2.9\tex\generic\pgf\libraries\shapes\pgflibraryshapes
.symbols.code.tex"
File: pgflibraryshapes.symbols.code.tex 2013/09/11 v3.0.1a (rcs-revision 1.6)
))
("C:\Program Files\MiKTeX 2.9\tex\generic\pgf\frontendlayer\tikz\libraries\tikz
libraryshadows.code.tex"
File: tikzlibraryshadows.code.tex 2008/01/13 v3.0.1a (rcs-revision 1.3)

("C:\Program Files\MiKTeX 2.9\tex\generic\pgf\frontendlayer\tikz\libraries\tikz
libraryfadings.code.tex"
File: tikzlibraryfadings.code.tex 2009/11/15 v3.0.1a (rcs-revision 1.2)

("C:\Program Files\MiKTeX 2.9\tex\generic\pgf\libraries\pgflibraryfadings.code.
tex"
File: pgflibraryfadings.code.tex 2008/02/07 v3.0.1a (rcs-revision 1.3)
))) ("C:\Program Files\MiKTeX 2.9\tex\latex\adjustbox\adjustbox.sty"
Package: adjustbox 2012/05/21 v1.0 Adjusting TeX boxes (trim, clip, ...)

("C:\Program Files\MiKTeX 2.9\tex\latex\xkeyval\xkeyval.sty"
Package: xkeyval 2014/12/03 v2.7a package option processing (HA)

("C:\Program Files\MiKTeX 2.9\tex\generic\xkeyval\xkeyval.tex"
("C:\Program Files\MiKTeX 2.9\tex\generic\xkeyval\xkvutils.tex"
\XKV@toks=\toks28
\XKV@tempa@toks=\toks29
)
\XKV@depth=\count158
File: xkeyval.tex 2014/12/03 v2.7a key=value parser (HA)
))
("C:\Program Files\MiKTeX 2.9\tex\latex\adjustbox\adjcalc.sty"
Package: adjcalc 2012/05/16 v1.1 Provides advanced setlength with multiple back
-ends (calc, etex, pgfmath)
)
("C:\Program Files\MiKTeX 2.9\tex\latex\adjustbox\trimclip.sty"
Package: trimclip 2012/05/16 v1.0 Trim and clip general TeX material

("C:\Program Files\MiKTeX 2.9\tex\latex\collectbox\collectbox.sty"
Package: collectbox 2012/05/17 v0.4b Collect macro arguments as boxes
\collectedbox=\box53
)
\tc@llx=\dimen182
\tc@lly=\dimen183
\tc@urx=\dimen184
\tc@ury=\dimen185
Package trimclip Info: Using driver 'tc-pdftex.def'.

("C:\Program Files\MiKTeX 2.9\tex\latex\adjustbox\tc-pdftex.def"
File: tc-pdftex.def 2012/05/13 v1.0 Clipping driver for pdftex
))
\adjbox@Width=\dimen186
\adjbox@Height=\dimen187
\adjbox@Depth=\dimen188
\adjbox@Totalheight=\dimen189

("C:\Program Files\MiKTeX 2.9\tex\latex\ifoddpage\ifoddpage.sty"
Package: ifoddpage 2016/04/23 v1.1 Conditionals for odd/even page detection
\c@checkoddpage=\count159
)
("C:\Program Files\MiKTeX 2.9\tex\latex\ltxmisc\varwidth.sty"
Package: varwidth 2009/03/30 ver 0.92;  Variable-width minipages
\@vwid@box=\box54
\sift@deathcycles=\count160
\@vwid@loff=\dimen190
\@vwid@roff=\dimen191
))
("C:\Program Files\MiKTeX 2.9\tex\latex\ltxmisc\relsize.sty"
Package: relsize 2003/07/04 ver 3.1
)
("C:\Program Files\MiKTeX 2.9\tex\latex\catoptions\catoptions.sty"
\m@one=\count161
\z@pt=\dimen192
Package: catoptions 2014/08/29 v0.2.7h Securing catcodes and parsing options (A
M)
\cpt@csvdepth=\count162
\cpt@optdepth=\count163
\cpt@cnta=\count164
\indrisdepth=\count165
\cpt@foreachdepth=\count166
\cpt@exprcnt=\count167
)
.................................................
. LaTeX info: "xparse/define-command"
. 
. Defining command \tw@mk@gobble@args with sig. 'm' on line 50.
.................................................

("C:\Program Files\MiKTeX 2.9\tex\latex\oberdiek\kvoptions.sty"
Package: kvoptions 2016/05/16 v3.12 Key value format for package options (HO)

("C:\Program Files\MiKTeX 2.9\tex\generic\oberdiek\kvsetkeys.sty"
Package: kvsetkeys 2016/05/16 v1.17 Key value parser (HO)

("C:\Program Files\MiKTeX 2.9\tex\generic\oberdiek\etexcmds.sty"
Package: etexcmds 2016/05/16 v1.6 Avoid name clashes with e-TeX commands (HO)

("C:\Program Files\MiKTeX 2.9\tex\generic\oberdiek\ifluatex.sty"
Package: ifluatex 2016/05/16 v1.4 Provides the ifluatex switch (HO)
Package ifluatex Info: LuaTeX not detected.
)
Package etexcmds Info: Could not find \expanded.
(etexcmds)             That can mean that you are not using pdfTeX 1.50 or
(etexcmds)             that some package has redefined \expanded.
(etexcmds)             In the latter case, load this package earlier.
)))
.................................................
. LaTeX info: "xparse/define-command"
. 
. Defining command \newmenucolortheme with sig. ' m m m m m O{##3} O{##4}
. O{##5} ' on line 97.
.................................................
.................................................
. LaTeX info: "xparse/define-command"
. 
. Defining command \renewmenucolortheme with sig. ' m m m m m O{##3} O{##4}
. O{##5} ' on line 100.
.................................................
.................................................
. LaTeX info: "xparse/define-command"
. 
. Defining command \tw@declare@style@simple with sig. 's m O{\tw@default@pre }
. m O{\tw@default@sep } O{\tw@default@post } m ' on line 170.
.................................................
.................................................
. LaTeX info: "xparse/define-command"
. 
. Defining command \tw@declare@sytle@extra@args with sig. 'O{\tw@default@post
. } m ' on line 176.
.................................................
.................................................
. LaTeX info: "xparse/define-command"
. 
. Defining command \tw@declare@style with sig. 's m O{\tw@default@pre } m
. O{\tw@default@sep } m m m ' on line 203.
.................................................
.................................................
. LaTeX info: "xparse/define-command"
. 
. Defining command \newmenustylesimple with sig. 's m' on line 216.
.................................................
.................................................
. LaTeX info: "xparse/define-command"
. 
. Defining command \renewmenustylesimple with sig. 's m' on line 223.
.................................................
.................................................
. LaTeX info: "xparse/define-command"
. 
. Defining command \providemenustylesimple with sig. 's m' on line 237.
.................................................
.................................................
. LaTeX info: "xparse/define-command"
. 
. Defining command \newmenustyle with sig. 's m' on line 251.
.................................................
.................................................
. LaTeX info: "xparse/define-command"
. 
. Defining command \renewmenustyle with sig. 's m' on line 258.
.................................................
.................................................
. LaTeX info: "xparse/define-command"
. 
. Defining command \providemenustyle with sig. 's m' on line 272.
.................................................
.................................................
. LaTeX info: "xparse/define-command"
. 
. Defining command \changemenuelement with sig. 's m m m' on line 310.
.................................................
\c@tw@hyphen@char@num=\count168
.................................................
. LaTeX info: "xparse/define-command"
. 
. Defining command \drawtikzfolder with sig. 'O{white} O{black}' on line 566.
.................................................
.................................................
. LaTeX info: "xparse/define-command"
. 
. Defining command \tw@define@menu@macro with sig. 'm O{\tw@default@input@sep
. } m ' on line 640.
.................................................
.................................................
. LaTeX info: "xparse/define-command"
. 
. Defining command \newmenumacro with sig. 'm O{\tw@default@input@sep } m' on
. line 650.
.................................................
.................................................
. LaTeX info: "xparse/define-command"
. 
. Defining command \renewmenumacro with sig. 'm O{\tw@default@input@sep } m'
. on line 654.
.................................................
.................................................
. LaTeX info: "xparse/define-command"
. 
. Defining command \providemenumacro with sig. 'm O{\tw@default@input@sep } m'
. on line 662.
.................................................
.................................................
. LaTeX info: "xparse/define-command"
. 
. Defining command \tw@make@key@box with sig. 'm m' on line 673.
.................................................
.................................................
. LaTeX info: "xparse/define-command"
. 
. Defining command \tw@make@key@macro with sig. 's m' on line 698.
.................................................
)
("C:\Program Files\MiKTeX 2.9\tex\latex\footmisc\footmisc.sty"
Package: footmisc 2011/06/06 v5.5b a miscellany of footnote facilities
\FN@temptoken=\toks30
\footnotemargin=\dimen193
\c@pp@next@reset=\count169
Package footmisc Info: Declaring symbol style bringhurst on input line 855.
Package footmisc Info: Declaring symbol style chicago on input line 863.
Package footmisc Info: Declaring symbol style wiley on input line 872.
Package footmisc Info: Declaring symbol style lamport-robust on input line 883.

Package footmisc Info: Declaring symbol style lamport* on input line 903.
Package footmisc Info: Declaring symbol style lamport*-robust on input line 924
.
)
("C:\Program Files\MiKTeX 2.9\tex\latex\listings\listings.sty"
\lst@mode=\count170
\lst@gtempboxa=\box55
\lst@token=\toks31
\lst@length=\count171
\lst@currlwidth=\dimen194
\lst@column=\count172
\lst@pos=\count173
\lst@lostspace=\dimen195
\lst@width=\dimen196
\lst@newlines=\count174
\lst@lineno=\count175
\lst@maxwidth=\dimen197

("C:\Program Files\MiKTeX 2.9\tex\latex\listings\lstmisc.sty"
File: lstmisc.sty 2015/06/04 1.6 (Carsten Heinz)
\c@lstnumber=\count176
\lst@skipnumbers=\count177
\lst@framebox=\box56
)
("C:\Program Files\MiKTeX 2.9\tex\latex\listings\listings.cfg"
File: listings.cfg 2015/06/04 1.6 listings configuration
))
Package: listings 2015/06/04 1.6 (Carsten Heinz)

("C:\Program Files\MiKTeX 2.9\tex\latex\listings\lstlang1.sty"
File: lstlang1.sty 2015/06/04 1.6 listings language file
)
Package csquotes Info: Checking for multilingual support...
Package csquotes Info: ... none found.
 (Textbook.aux)
\openout1 = `Textbook.aux'.

LaTeX Font Info:    Checking defaults for OML/cmm/m/it on input line 32.
LaTeX Font Info:    ... okay on input line 32.
LaTeX Font Info:    Checking defaults for T1/cmr/m/n on input line 32.
LaTeX Font Info:    ... okay on input line 32.
LaTeX Font Info:    Checking defaults for OT1/cmr/m/n on input line 32.
LaTeX Font Info:    ... okay on input line 32.
LaTeX Font Info:    Checking defaults for OMS/cmsy/m/n on input line 32.
LaTeX Font Info:    ... okay on input line 32.
LaTeX Font Info:    Checking defaults for OMX/cmex/m/n on input line 32.
LaTeX Font Info:    ... okay on input line 32.
LaTeX Font Info:    Checking defaults for U/cmr/m/n on input line 32.
LaTeX Font Info:    ... okay on input line 32.
LaTeX Font Info:    Checking defaults for TS1/cmr/m/n on input line 32.
LaTeX Font Info:    Try loading font information for TS1+cmr on input line 32.

("C:\Program Files\MiKTeX 2.9\tex\latex\base\ts1cmr.fd"
File: ts1cmr.fd 2014/09/29 v2.5h Standard LaTeX font definitions
)
LaTeX Font Info:    ... okay on input line 32.

("C:\Program Files\MiKTeX 2.9\tex\context\base\supp-pdf.mkii"
[Loading MPS to PDF converter (version 2006.09.02).]
\scratchcounter=\count178
\scratchdimen=\dimen198
\scratchbox=\box57
\nofMPsegments=\count179
\nofMParguments=\count180
\everyMPshowfont=\toks32
\MPscratchCnt=\count181
\MPscratchDim=\dimen199
\MPnumerator=\count182
\makeMPintoPDFobject=\count183
\everyMPtoPDFconversion=\toks33
) ("C:\Program Files\MiKTeX 2.9\tex\generic\oberdiek\pdftexcmds.sty"
Package: pdftexcmds 2017/03/19 v0.25 Utility functions of pdfTeX for LuaTeX (HO
)

("C:\Program Files\MiKTeX 2.9\tex\generic\oberdiek\ifpdf.sty"
Package: ifpdf 2017/03/15 v3.2 Provides the ifpdf switch
)
Package pdftexcmds Info: LuaTeX not detected.
Package pdftexcmds Info: \pdf@primitive is available.
Package pdftexcmds Info: \pdf@ifprimitive is available.
Package pdftexcmds Info: \pdfdraftmode found.
)
("C:\Program Files\MiKTeX 2.9\tex\latex\oberdiek\epstopdf-base.sty"
Package: epstopdf-base 2016/05/15 v2.6 Base part for package epstopdf

("C:\Program Files\MiKTeX 2.9\tex\latex\oberdiek\grfext.sty"
Package: grfext 2016/05/16 v1.2 Manage graphics extensions (HO)

("C:\Program Files\MiKTeX 2.9\tex\generic\oberdiek\kvdefinekeys.sty"
Package: kvdefinekeys 2016/05/16 v1.4 Define keys (HO)
))
Package epstopdf-base Info: Redefining graphics rule for `.eps' on input line 4
38.
Package grfext Info: Graphics extension search list:
(grfext)             [.png,.pdf,.jpg,.mps,.jpeg,.jbig2,.jb2,.PNG,.PDF,.JPG,.JPE
G,.JBIG2,.JB2,.eps]
(grfext)             \AppendGraphicsExtensions on input line 456.
)
ABD: EveryShipout initializing macros
\c@lstlisting=\count184
LaTeX Font Info:    External font `cmex10' loaded for size
(Font)              <12> on input line 39.
LaTeX Font Info:    External font `cmex10' loaded for size
(Font)              <8> on input line 39.
LaTeX Font Info:    External font `cmex10' loaded for size
(Font)              <6> on input line 39.
 [1




{C:/ProgramData/MiKTeX/2.9/pdftex/config/pdftex.map}]
<images/creative_commons_license.png, id=34, 97.0827pt x 33.9669pt>
File: images/creative_commons_license.png Graphic file (type png)

<use images/creative_commons_license.png>
Package pdftex.def Info: images/creative_commons_license.png used on input line
 48.
(pdftex.def)             Requested size: 145.62366pt x 50.95021pt.
 [2 <./images/creative_commons_license.png>] (Textbook.toc
LaTeX Font Info:    External font `cmex10' loaded for size
(Font)              <7> on input line 2.
LaTeX Font Info:    External font `cmex10' loaded for size
(Font)              <5> on input line 2.
 [3

] [4])
\tf@toc=\write5
\openout5 = `Textbook.toc'.

 [5] [6]
Chapter 1.
[1


] [2

]
Chapter 2.
[3] [4] <images//Chapter2/Figure_1.png, id=72, 725.71124pt x 437.83575pt>
File: images//Chapter2/Figure_1.png Graphic file (type png)

<use images//Chapter2/Figure_1.png>
Package pdftex.def Info: images//Chapter2/Figure_1.png used on input line 108.
(pdftex.def)             Requested size: 310.4979pt x 187.33038pt.
 [5 <./images//Chapter2/Figure_1.png>]
<images//Chapter2/Figure_2.png, id=77, 706.43925pt x 264.38776pt>
File: images//Chapter2/Figure_2.png Graphic file (type png)

<use images//Chapter2/Figure_2.png>
Package pdftex.def Info: images//Chapter2/Figure_2.png used on input line 123.
(pdftex.def)             Requested size: 345.0pt x 129.11543pt.
 [6 <./images//Chapter2/Figure_2.png>]
<images//Chapter2/Figure_3.png, id=81, 451.08525pt x 236.082pt>
File: images//Chapter2/Figure_3.png Graphic file (type png)

<use images//Chapter2/Figure_3.png>
Package pdftex.def Info: images//Chapter2/Figure_3.png used on input line 130.
(pdftex.def)             Requested size: 310.4979pt x 162.51129pt.

Underfull \hbox (badness 10000) in paragraph at lines 133--134

 []


Underfull \hbox (badness 10000) in paragraph at lines 135--136

 []

[7 <./images//Chapter2/Figure_3.png>]
<images//Chapter2/Figure_4.png, id=86, 490.83376pt x 331.2375pt>
File: images//Chapter2/Figure_4.png Graphic file (type png)

<use images//Chapter2/Figure_4.png>
Package pdftex.def Info: images//Chapter2/Figure_4.png used on input line 145.
(pdftex.def)             Requested size: 310.4979pt x 209.545pt.

Underfull \hbox (badness 10000) in paragraph at lines 150--151

 []

LaTeX Font Info:    Try loading font information for OMS+cmtt on input line 152
.
LaTeX Font Info:    No file OMScmtt.fd. on input line 152.

LaTeX Font Warning: Font shape `OMS/cmtt/m/n' undefined
(Font)              using `OMS/cmsy/m/n' instead
(Font)              for symbol `textbackslash' on input line 152.

[8 <./images//Chapter2/Figure_4.png>]
LaTeX Font Info:    Try loading font information for OMS+cmr on input line 162.


("C:\Program Files\MiKTeX 2.9\tex\latex\base\omscmr.fd"
File: omscmr.fd 2014/09/29 v2.5h Standard LaTeX font definitions
)
LaTeX Font Info:    Font shape `OMS/cmr/m/n' in size <10> not available
(Font)              Font shape `OMS/cmsy/m/n' tried instead on input line 162.

<images//Chapter2/Figure_5.png, id=92, 451.6875pt x 236.082pt>
File: images//Chapter2/Figure_5.png Graphic file (type png)

<use images//Chapter2/Figure_5.png>
Package pdftex.def Info: images//Chapter2/Figure_5.png used on input line 166.
(pdftex.def)             Requested size: 310.4979pt x 162.29515pt.

Underfull \vbox (badness 10000) has occurred while \output is active []

 [9 <./images//Chapter2/Figure_5.png>]
<images//Chapter2/Figure_6.png, id=97, 401.0985pt x 178.266pt>
File: images//Chapter2/Figure_6.png Graphic file (type png)

<use images//Chapter2/Figure_6.png>
Package pdftex.def Info: images//Chapter2/Figure_6.png used on input line 184.
(pdftex.def)             Requested size: 310.4979pt x 137.99966pt.

<images//Chapter2/Figure_7.png, id=98, 576.9555pt x 361.35pt>
File: images//Chapter2/Figure_7.png Graphic file (type png)

<use images//Chapter2/Figure_7.png>
Package pdftex.def Info: images//Chapter2/Figure_7.png used on input line 189.
(pdftex.def)             Requested size: 310.4979pt x 194.46996pt.


LaTeX Warning: `h' float specifier changed to `ht'.

[10 <./images//Chapter2/Figure_6.png>]
<images//Chapter2/Figure_8.png, id=102, 451.08525pt x 236.68425pt>
File: images//Chapter2/Figure_8.png Graphic file (type png)

<use images//Chapter2/Figure_8.png>
Package pdftex.def Info: images//Chapter2/Figure_8.png used on input line 208.
(pdftex.def)             Requested size: 310.4979pt x 162.92587pt.


LaTeX Warning: `h' float specifier changed to `ht'.


Underfull \vbox (badness 2237) has occurred while \output is active []

 [11 <./images//Chapter2/Figure_7.png>] [12 <./images//Chapter2/Figure_8.png>]
<images//Chapter2/Figure_9.png, id=109, 450.483pt x 236.082pt>
File: images//Chapter2/Figure_9.png Graphic file (type png)

<use images//Chapter2/Figure_9.png>
Package pdftex.def Info: images//Chapter2/Figure_9.png used on input line 242.
(pdftex.def)             Requested size: 310.4979pt x 162.72383pt.
 [13 <./images//Chapter2/Figure_9.png>]
Overfull \hbox (4.50467pt too wide) in paragraph at lines 251--252
\OT1/cmr/m/n/10 GitHub repo page us-ing your web browser. You should see that t
he file \OT1/cmtt/m/n/10 README.md
 []

<images//Chapter2/Figure_10.png, id=114, 682.34924pt x 398.08725pt>
File: images//Chapter2/Figure_10.png Graphic file (type png)

<use images//Chapter2/Figure_10.png>
Package pdftex.def Info: images//Chapter2/Figure_10.png used on input line 255.

(pdftex.def)             Requested size: 310.4979pt x 181.14212pt.
 [14 <./images//Chapter2/Figure_10.png>]
Overfull \hbox (1.13889pt too wide) in paragraph at lines 271--272
[]\OT1/cmr/m/n/10 Check the lo-cal repos-i-tory sta-tus, mak-ing sure that \OT1
/cmtt/m/n/10 badfile.bad \OT1/cmr/m/n/10 is marked
 []


Overfull \hbox (26.13857pt too wide) in paragraph at lines 272--273
[]\OT1/cmr/m/n/10 Commit the change to the lo-cal repos-i-tory with the mes-sag
e \OT1/cmtt/m/n/10 "Add badfile.bad" 
 []

<images//Chapter2/Figure_11.png, id=118, 679.338pt x 311.9655pt>
File: images//Chapter2/Figure_11.png Graphic file (type png)

<use images//Chapter2/Figure_11.png>
Package pdftex.def Info: images//Chapter2/Figure_11.png used on input line 282.

(pdftex.def)             Requested size: 327.74895pt x 150.5129pt.
 [15 <./images//Chapter2/Figure_11.png>]
<images//Chapter2/Figure_12.png, id=122, 449.88075pt x 236.68425pt>
File: images//Chapter2/Figure_12.png Graphic file (type png)

<use images//Chapter2/Figure_12.png>
Package pdftex.def Info: images//Chapter2/Figure_12.png used on input line 291.

(pdftex.def)             Requested size: 327.74895pt x 172.43135pt.

Underfull \vbox (badness 1668) has occurred while \output is active []

 [16 <./images//Chapter2/Figure_12.png>]
Overfull \hbox (19.5568pt too wide) in paragraph at lines 322--323
[]\OT1/cmtt/m/n/10 git remote set-url origin https://github.com/user[]name/repo
sitory[]name 
 []

[17] <images//Chapter2/Figure_13.png, id=129, 688.974pt x 331.83975pt>
File: images//Chapter2/Figure_13.png Graphic file (type png)

<use images//Chapter2/Figure_13.png>
Package pdftex.def Info: images//Chapter2/Figure_13.png used on input line 347.

(pdftex.def)             Requested size: 327.74895pt x 157.85843pt.


LaTeX Warning: `h' float specifier changed to `ht'.


Overfull \hbox (1.97202pt too wide) in paragraph at lines 350--351
[]\OT1/cmr/m/n/10 We can now switch back and forth be-tween the two branches us
-ing \OT1/cmtt/m/n/10 git checkout
 []


Underfull \vbox (badness 10000) has occurred while \output is active []

 [18]
[19 <./images//Chapter2/Figure_13.png>] [20] [21] [22

]
Chapter 3.
<images//Chapter3/Figure_1.jpg, id=146, 462.72874pt x 476.78125pt>
File: images//Chapter3/Figure_1.jpg Graphic file (type jpg)

<use images//Chapter3/Figure_1.jpg>
Package pdftex.def Info: images//Chapter3/Figure_1.jpg used on input line 414.
(pdftex.def)             Requested size: 103.50105pt x 106.63821pt.
 [23 <./images//Chapter3/Figure_1.jpg>]
[24]
Overfull \hbox (2.1303pt too wide) in paragraph at lines 443--444
[]\OT1/cmr/m/n/10 The Python in-stal-la-tion pro-cess is rel-a-tively straight-
for-ward. Upon launch-
 []

<images//Chapter3/Figure_2.png, id=154, 404.10976pt x 246.32025pt>
File: images//Chapter3/Figure_2.png Graphic file (type png)

<use images//Chapter3/Figure_2.png>
Package pdftex.def Info: images//Chapter3/Figure_2.png used on input line 450.
(pdftex.def)             Requested size: 310.4979pt x 189.265pt.
 [25 <./images//Chapter3/Figure_2.png>]
<images//Chapter3/Figure_3.png, id=160, 372.1905pt x 211.992pt>
File: images//Chapter3/Figure_3.png Graphic file (type png)

<use images//Chapter3/Figure_3.png>
Package pdftex.def Info: images//Chapter3/Figure_3.png used on input line 462.
(pdftex.def)             Requested size: 310.4979pt x 176.85255pt.
 [26 <./images//Chapter3/Figure_3.png>]
Underfull \hbox (badness 10000) in paragraph at lines 497--498

 []

<images//Chapter3/Figure_5.png, id=164, 369.17924pt x 200.54926pt>
File: images//Chapter3/Figure_5.png Graphic file (type png)

<use images//Chapter3/Figure_5.png>
Package pdftex.def Info: images//Chapter3/Figure_5.png used on input line 501.
(pdftex.def)             Requested size: 310.4979pt x 168.68054pt.


LaTeX Warning: `h' float specifier changed to `ht'.

[27] <images//Chapter3/Figure_6.png, id=170, 314.97675pt x 140.9265pt>
File: images//Chapter3/Figure_6.png Graphic file (type png)

<use images//Chapter3/Figure_6.png>
Package pdftex.def Info: images//Chapter3/Figure_6.png used on input line 512.
(pdftex.def)             Requested size: 310.4979pt x 138.92415pt.
 [28 <./images//Chapter3/Figure_5.png> <./images//Chapter3/Figure_6.png>] [29]
<images//Chapter3/Figure_8.png, id=177, 261.3765pt x 116.8365pt>
File: images//Chapter3/Figure_8.png Graphic file (type png)

<use images//Chapter3/Figure_8.png>
Package pdftex.def Info: images//Chapter3/Figure_8.png used on input line 575.
(pdftex.def)             Requested size: 310.4979pt x 138.79291pt.


LaTeX Warning: `h' float specifier changed to `ht'.

[30] [31 <./images//Chapter3/Figure_8.png>]

LaTeX Warning: `h' float specifier changed to `ht'.

[32] <images//Chapter3/Figure_13.png, id=189, 320.99925pt x 116.23425pt>
File: images//Chapter3/Figure_13.png Graphic file (type png)

<use images//Chapter3/Figure_13.png>
Package pdftex.def Info: images//Chapter3/Figure_13.png used on input line 647.

(pdftex.def)             Requested size: 310.4979pt x 112.442pt.
 [33 <./images//Chapter3/Figure_13.png>]
[34]
Underfull \vbox (badness 7685) has occurred while \output is active []

 [35]
[36] <images//Chapter3/Figure_16.png, id=202, 320.99925pt x 115.632pt>
File: images//Chapter3/Figure_16.png Graphic file (type png)

<use images//Chapter3/Figure_16.png>
Package pdftex.def Info: images//Chapter3/Figure_16.png used on input line 761.

(pdftex.def)             Requested size: 310.4979pt x 111.85942pt.
LaTeX Font Info:    Try loading font information for OML+cmr on input line 775.


("C:\Program Files\MiKTeX 2.9\tex\latex\base\omlcmr.fd"
File: omlcmr.fd 2014/09/29 v2.5h Standard LaTeX font definitions
)
LaTeX Font Info:    Font shape `OML/cmr/m/n' in size <10> not available
(Font)              Font shape `OML/cmm/m/it' tried instead on input line 775.


LaTeX Warning: `h' float specifier changed to `ht'.

[37 <./images//Chapter3/Figure_16.png>] [38] [39]
<images//Chapter3/Figure_26.png, id=213, 261.97874pt x 115.632pt>
File: images//Chapter3/Figure_26.png Graphic file (type png)

<use images//Chapter3/Figure_26.png>
Package pdftex.def Info: images//Chapter3/Figure_26.png used on input line 879.

(pdftex.def)             Requested size: 310.4979pt x 137.05153pt.
 [40 <./images//Chapter3/Figure_26.png>]
<images//Chapter3/Figure_28.png, id=217, 260.77425pt x 116.23425pt>
File: images//Chapter3/Figure_28.png Graphic file (type png)

<use images//Chapter3/Figure_28.png>
Package pdftex.def Info: images//Chapter3/Figure_28.png used on input line 897.

(pdftex.def)             Requested size: 310.4979pt x 138.40913pt.
 [41 <./images//Chapter3/Figure_28.png>]
Overfull \hbox (1.94374pt too wide) in paragraph at lines 903--904
\OT1/cmr/m/n/10 the Python doc-u-men-ta-tion which can be found at \OT1/cmtt/m/
n/10 https://docs.python.org/3\OT1/cmr/m/n/10 .
 []

[42] [43]
Underfull \hbox (badness 10000) in paragraph at lines 967--970

 []


Underfull \hbox (badness 10000) in paragraph at lines 967--970

 []

[44] <images//Chapter3/Exercise.png, id=232, 602.85225pt x 275.22826pt>
File: images//Chapter3/Exercise.png Graphic file (type png)

<use images//Chapter3/Exercise.png>
Package pdftex.def Info: images//Chapter3/Exercise.png used on input line 979.
(pdftex.def)             Requested size: 310.4979pt x 141.75462pt.
 [45 <./images//Chapter3/Exercise.png>]
[46

]
Chapter 4.
[47] <images//Chapter4/Figure_1.png, id=242, 288.47775pt x 128.8815pt>
File: images//Chapter4/Figure_1.png Graphic file (type png)

<use images//Chapter4/Figure_1.png>
Package pdftex.def Info: images//Chapter4/Figure_1.png used on input line 1012.

(pdftex.def)             Requested size: 310.4979pt x 138.7219pt.


LaTeX Warning: `h' float specifier changed to `ht'.

[48 <./images//Chapter4/Figure_1.png>] [49] [50]

LaTeX Warning: `h' float specifier changed to `ht'.

<images//Chapter4/Figure_6.png, id=253, 249.3315pt x 115.632pt>
File: images//Chapter4/Figure_6.png Graphic file (type png)

<use images//Chapter4/Figure_6.png>
Package pdftex.def Info: images//Chapter4/Figure_6.png used on input line 1135.

(pdftex.def)             Requested size: 310.4979pt x 144.00854pt.


LaTeX Warning: `h' float specifier changed to `ht'.

[51]
Overfull \hbox (41.41606pt too wide) in paragraph at lines 1140--1141
\OT1/cmr/m/n/10 For ex-am-ple, if we mod-i-fied the code above to in-clude the 
line \OT1/cmtt/m/n/10 print(gradePoints["E"])\OT1/cmr/m/n/10 ,
 []


LaTeX Warning: `h' float specifier changed to `ht'.

[52 <./images//Chapter4/Figure_6.png>] [53]

LaTeX Warning: `h' float specifier changed to `ht'.


Underfull \vbox (badness 10000) has occurred while \output is active []

 [54]
[55] [56] [57]

LaTeX Warning: `h' float specifier changed to `ht'.


Underfull \vbox (badness 10000) has occurred while \output is active []

 [58]
Underfull \vbox (badness 1735) has occurred while \output is active []

 [59]
Overfull \hbox (1.75813pt too wide) in paragraph at lines 1329--1330
[]\OT1/cmr/m/n/10 The third line of the [][]\OT1/cmtt/m/n/10 init[][] \OT1/cmr/
m/n/10 method (Line 8) in-cre-ments the \OT1/cmtt/m/n/10 invoiceNoCounter
 []

<images//Chapter4/Figure_12.png, id=282, 386.04225pt x 80.09924pt>
File: images//Chapter4/Figure_12.png Graphic file (type png)

<use images//Chapter4/Figure_12.png>
Package pdftex.def Info: images//Chapter4/Figure_12.png used on input line 1345
.
(pdftex.def)             Requested size: 310.4979pt x 64.42535pt.


LaTeX Warning: `h' float specifier changed to `ht'.


Underfull \vbox (badness 10000) has occurred while \output is active []

 [60]
[61 <./images//Chapter4/Figure_12.png>]
Underfull \vbox (badness 1648) has occurred while \output is active []

 [62]
<images//Chapter4/Figure_15.png, id=293, 428.802pt x 56.00925pt>
File: images//Chapter4/Figure_15.png Graphic file (type png)

<use images//Chapter4/Figure_15.png>
Package pdftex.def Info: images//Chapter4/Figure_15.png used on input line 1413
.
(pdftex.def)             Requested size: 310.4979pt x 40.55821pt.
 [63 <./images//Chapter4/Figure_15.png>]
Overfull \hbox (2.7499pt too wide) in paragraph at lines 1445--1446
[]\OT1/cmr/m/n/10 The fol-low-ing code stub starts the def-i-ni-tion of a class
 called \OT1/cmtt/m/n/10 JournalEntry\OT1/cmr/m/n/10 .
 []


Overfull \hbox (5.4972pt too wide) in paragraph at lines 1447--1448
[]\OT1/cmtt/m/n/10 #Line 2: Create a member for the journal entry amount 
 []

[64] <images//Chapter4/Exercise_7.png, id=300, 423.984pt x 369.7815pt>
File: images//Chapter4/Exercise_7.png Graphic file (type png)

<use images//Chapter4/Exercise_7.png>
Package pdftex.def Info: images//Chapter4/Exercise_7.png used on input line 146
9.
(pdftex.def)             Requested size: 276.00105pt x 240.72186pt.


LaTeX Warning: `h' float specifier changed to `ht'.

[65] [66 <./images//Chapter4/Exercise_7.png>]
Chapter 5.
[67

] [68] <images//Chapter5/Figure_1.png, id=315, 585.98924pt x 307.74976pt>
File: images//Chapter5/Figure_1.png Graphic file (type png)

<use images//Chapter5/Figure_1.png>
Package pdftex.def Info: images//Chapter5/Figure_1.png used on input line 1556.

(pdftex.def)             Requested size: 276.00105pt x 144.95232pt.

<images//Chapter5/Figure_2.png, id=316, 386.04225pt x 139.722pt>
File: images//Chapter5/Figure_2.png Graphic file (type png)

<use images//Chapter5/Figure_2.png>
Package pdftex.def Info: images//Chapter5/Figure_2.png used on input line 1561.

(pdftex.def)             Requested size: 276.00105pt x 99.8962pt.


LaTeX Warning: `h' float specifier changed to `ht'.


Underfull \vbox (badness 10000) has occurred while \output is active []

 [69 <./images//Chapter5/Figure_1.png>]
<images//Chapter5/Figure_3.png, id=320, 574.5465pt x 239.6955pt>
File: images//Chapter5/Figure_3.png Graphic file (type png)

<use images//Chapter5/Figure_3.png>
Package pdftex.def Info: images//Chapter5/Figure_3.png used on input line 1573.

(pdftex.def)             Requested size: 276.00105pt x 115.14761pt.
 [70 <./images//Chapter5/Figure_2.png> <./images//Chapter5/Figure_3.png>]
<images//Chapter5/Figure_4.png, id=324, 442.65375pt x 199.947pt>
File: images//Chapter5/Figure_4.png Graphic file (type png)

<use images//Chapter5/Figure_4.png>
Package pdftex.def Info: images//Chapter5/Figure_4.png used on input line 1580.

(pdftex.def)             Requested size: 327.74895pt x 148.05302pt.

<images//Chapter5/Figure_5.png, id=325, 440.24475pt x 301.72725pt>
File: images//Chapter5/Figure_5.png Graphic file (type png)

<use images//Chapter5/Figure_5.png>
Package pdftex.def Info: images//Chapter5/Figure_5.png used on input line 1585.

(pdftex.def)             Requested size: 327.74895pt x 224.63744pt.


LaTeX Warning: `h' float specifier changed to `ht'.

[71 <./images//Chapter5/Figure_4.png>]
<images//Chapter5/Figure_8.png, id=329, 496.254pt x 284.262pt>
File: images//Chapter5/Figure_8.png Graphic file (type png)

<use images//Chapter5/Figure_8.png>
Package pdftex.def Info: images//Chapter5/Figure_8.png used on input line 1614.

(pdftex.def)             Requested size: 327.74895pt x 187.73927pt.


LaTeX Warning: `h' float specifier changed to `ht'.


Underfull \vbox (badness 10000) has occurred while \output is active []

 [72 <./images//Chapter5/Figure_5.png>]
<images//Chapter5/Figure_9.png, id=333, 417.9615pt x 333.6465pt>
File: images//Chapter5/Figure_9.png Graphic file (type png)

<use images//Chapter5/Figure_9.png>
Package pdftex.def Info: images//Chapter5/Figure_9.png used on input line 1638.

(pdftex.def)             Requested size: 327.74895pt x 261.64325pt.


LaTeX Warning: `h' float specifier changed to `ht'.

[73 <./images//Chapter5/Figure_8.png>]

LaTeX Warning: `h' float specifier changed to `ht'.


Underfull \vbox (badness 10000) has occurred while \output is active []

 [74 <./images//Chapter5/Figure_9.png>]
<images//Chapter5/Figure_10.png, id=341, 390.86024pt x 130.086pt>
File: images//Chapter5/Figure_10.png Graphic file (type png)

<use images//Chapter5/Figure_10.png>
Package pdftex.def Info: images//Chapter5/Figure_10.png used on input line 1666
.
(pdftex.def)             Requested size: 327.74895pt x 109.08488pt.
 [75 <./images//Chapter5/Figure_10.png>]
Overfull \hbox (19.88876pt too wide) in paragraph at lines 1684--1685
[]\OT1/cmr/m/n/10 Executing this pro-gram will cre-ate a new file in our work-i
ng di-rec-tory \OT1/cmtt/m/n/10 inventory.csv
 []


Overfull \hbox (6.74693pt too wide) in paragraph at lines 1688--1689
[]\OT1/cmtt/m/n/10 writerObj.writerow(["Warehouse", "SKU", "Desc", "onHand", "P
rice"]) 
 []


LaTeX Warning: `h' float specifier changed to `ht'.

<images//Chapter5/Figure_12.png, id=345, 552.8655pt x 345.6915pt>
File: images//Chapter5/Figure_12.png Graphic file (type png)

<use images//Chapter5/Figure_12.png>
Package pdftex.def Info: images//Chapter5/Figure_12.png used on input line 1725
.
(pdftex.def)             Requested size: 327.74895pt x 204.93732pt.


LaTeX Warning: `h' float specifier changed to `ht'.


Overfull \hbox (3.63684pt too wide) in paragraph at lines 1730--1731
\OT1/cmr/m/n/10 pages(\OT1/cmtt/m/n/10 inventory1.html, inventory 2.html, \OT1/
cmr/m/n/10 and \OT1/cmtt/m/n/10 inventory3.html\OT1/cmr/m/n/10 ) and that
 []

[76] [77]

LaTeX Warning: `h' float specifier changed to `ht'.


Underfull \vbox (badness 10000) has occurred while \output is active []

 [78 <./images//Chapter5/Figure_12.png>] [79] [80]
Chapter 6.

Underfull \vbox (badness 10000) has occurred while \output is active []

 [81

]
Overfull \hbox (11.99689pt too wide) in paragraph at lines 1836--1837
[]\OT1/cmtt/m/n/10 inventory = pd.DataFrame(data, index=["Warehouse A", "Wareho
use B"]) 
 []

<images//Chapter6/Figure_1.png, id=365, 255.354pt x 115.632pt>
File: images//Chapter6/Figure_1.png Graphic file (type png)

<use images//Chapter6/Figure_1.png>
Package pdftex.def Info: images//Chapter6/Figure_1.png used on input line 1842.

(pdftex.def)             Requested size: 310.4979pt x 140.60678pt.
 [82 <./images//Chapter6/Figure_1.png>]
Overfull \hbox (19.5568pt too wide) in paragraph at lines 1861--1862
[]\OT1/cmtt/m/n/10 newInventory = inventory.reset[]index(drop=True).set[]index(
"Warehouse") 
 []

<images//Chapter6/Figure_2.png, id=369, 473.3685pt x 140.32425pt>
File: images//Chapter6/Figure_2.png Graphic file (type png)

<use images//Chapter6/Figure_2.png>
Package pdftex.def Info: images//Chapter6/Figure_2.png used on input line 1873.

(pdftex.def)             Requested size: 310.4979pt x 92.04688pt.


LaTeX Warning: `h' float specifier changed to `ht'.

[83] <images//Chapter6/Figure_3.png, id=373, 553.46774pt x 140.32425pt>
File: images//Chapter6/Figure_3.png Graphic file (type png)

<use images//Chapter6/Figure_3.png>
Package pdftex.def Info: images//Chapter6/Figure_3.png used on input line 1896.

(pdftex.def)             Requested size: 310.4979pt x 78.72664pt.


LaTeX Warning: `h' float specifier changed to `ht'.


Underfull \vbox (badness 5847) has occurred while \output is active []

 [84 <./images//Chapter6/Figure_2.png>]
<images//Chapter6/Figure_4.png, id=377, 266.1945pt x 140.32425pt>
File: images//Chapter6/Figure_4.png Graphic file (type png)

<use images//Chapter6/Figure_4.png>
Package pdftex.def Info: images//Chapter6/Figure_4.png used on input line 1931.

(pdftex.def)             Requested size: 310.4979pt x 163.68195pt.


LaTeX Warning: `h' float specifier changed to `ht'.

[85 <./images//Chapter6/Figure_3.png>]
Overfull \hbox (14.30684pt too wide) in paragraph at lines 1943--1944
[]\OT1/cmtt/m/n/10 table = pd.merge(frame1, frame2, left[]on="index1", right[]o
n="index2") 
 []

<images//Chapter6/Figure_5.png, id=382, 623.32875pt x 199.34476pt>
File: images//Chapter6/Figure_5.png Graphic file (type png)

<use images//Chapter6/Figure_5.png>
Package pdftex.def Info: images//Chapter6/Figure_5.png used on input line 1955.

(pdftex.def)             Requested size: 310.4979pt x 99.30103pt.

Underfull \vbox (badness 10000) has occurred while \output is active []

 [86 <./images//Chapter6/Figure_4.png>]
Underfull \hbox (badness 10000) in paragraph at lines 1967--1968

 []

[87 <./images//Chapter6/Figure_5.png>]
<images//Chapter6/Figure_6.png, id=389, 423.984pt x 285.4665pt>
File: images//Chapter6/Figure_6.png Graphic file (type png)

<use images//Chapter6/Figure_6.png>
Package pdftex.def Info: images//Chapter6/Figure_6.png used on input line 1985.

(pdftex.def)             Requested size: 310.4979pt x 209.0596pt.

<images//Chapter6/Figure_8.png, id=390, 526.96875pt x 284.86424pt>
File: images//Chapter6/Figure_8.png Graphic file (type png)

<use images//Chapter6/Figure_8.png>
Package pdftex.def Info: images//Chapter6/Figure_8.png used on input line 1996.

(pdftex.def)             Requested size: 310.4979pt x 167.85545pt.
 [88 <./images//Chapter6/Figure_6.png>]

LaTeX Warning: `h' float specifier changed to `ht'.

<images//Chapter6/Figure_9.png, id=394, 336.0555pt x 162.00525pt>
File: images//Chapter6/Figure_9.png Graphic file (type png)

<use images//Chapter6/Figure_9.png>
Package pdftex.def Info: images//Chapter6/Figure_9.png used on input line 2040.

(pdftex.def)             Requested size: 310.4979pt x 149.69427pt.


LaTeX Warning: `h' float specifier changed to `ht'.


Underfull \vbox (badness 10000) has occurred while \output is active []

 [89 <./images//Chapter6/Figure_8.png>] [90 <./images//Chapter6/Figure_9.png>]
<images//Chapter6/Figure_10.png, id=401, 352.31625pt x 104.18925pt>
File: images//Chapter6/Figure_10.png Graphic file (type png)

<use images//Chapter6/Figure_10.png>
Package pdftex.def Info: images//Chapter6/Figure_10.png used on input line 2064
.
(pdftex.def)             Requested size: 310.4979pt x 91.82193pt.

Underfull \vbox (badness 10000) has occurred while \output is active []

 [91 <./images//Chapter6/Figure_10.png>] [92] [93] [94

]
Chapter 7.
[95] [96] <images//Chapter7/Figure_1.png, id=421, 353.52075pt x 165.0165pt>
File: images//Chapter7/Figure_1.png Graphic file (type png)

<use images//Chapter7/Figure_1.png>
Package pdftex.def Info: images//Chapter7/Figure_1.png used on input line 2142.

(pdftex.def)             Requested size: 310.4979pt x 144.94048pt.
 [97 <./images//Chapter7/Figure_1.png>]
<images//Chapter7/Figure_2.png, id=426, 668.4975pt x 346.29375pt>
File: images//Chapter7/Figure_2.png Graphic file (type png)

<use images//Chapter7/Figure_2.png>
Package pdftex.def Info: images//Chapter7/Figure_2.png used on input line 2165.

(pdftex.def)             Requested size: 341.5519pt x 176.93507pt.
 [98 <./images//Chapter7/Figure_2.png>]
<images//Chapter7/Figure_3.png, id=430, 310.15875pt x 286.671pt>
File: images//Chapter7/Figure_3.png Graphic file (type png)

<use images//Chapter7/Figure_3.png>
Package pdftex.def Info: images//Chapter7/Figure_3.png used on input line 2178.

(pdftex.def)             Requested size: 310.4979pt x 286.98523pt.
 [99 <./images//Chapter7/Figure_3.png>]
<images//Chapter7/Figure_4.png, id=434, 386.6445pt x 326.4195pt>
File: images//Chapter7/Figure_4.png Graphic file (type png)

<use images//Chapter7/Figure_4.png>
Package pdftex.def Info: images//Chapter7/Figure_4.png used on input line 2202.

(pdftex.def)             Requested size: 276.00105pt x 233.01958pt.

Underfull \vbox (badness 10000) has occurred while \output is active []

 [100 <./images//Chapter7/Figure_4.png>] [101] [102]
Chapter 8.
[103

] [104

]
Chapter 9.
[105] [106

]
Chapter 10.
[107] (Textbook.aux)

LaTeX Font Warning: Some font shapes were not available, defaults substituted.

 ) 
Here is how much of TeX's memory you used:
 25173 strings out of 493328
 489637 string characters out of 3139115
 586305 words of memory out of 3000000
 28321 multiletter control sequences out of 15000+200000
 11611 words of font info for 41 fonts, out of 3000000 for 9000
 1141 hyphenation exceptions out of 8191
 62i,8n,84p,10425b,1232s stack positions out of 5000i,500n,10000p,200000b,50000s
 <C:\Users\sperreau\AppData\Local\MiKTeX\2.9\fonts\pk\ljfour\jknappen\ec\dpi6
00\tcrm0800.pk> <C:\Users\sperreau\AppData\Local\MiKTeX\2.9\fonts\pk\ljfour\jkn
appen\ec\dpi600\tcrm0700.pk> <C:\Users\sperreau\AppData\Local\MiKTeX\2.9\fonts\
pk\ljfour\jknappen\ec\dpi600\tcrm1000.pk><C:/Program Files/MiKTeX 2.9/fonts/typ
e1/public/amsfonts/cm/cmbx10.pfb><C:/Program Files/MiKTeX 2.9/fonts/type1/publi
c/amsfonts/cm/cmbx12.pfb><C:/Program Files/MiKTeX 2.9/fonts/type1/public/amsfon
ts/cm/cmmi10.pfb><C:/Program Files/MiKTeX 2.9/fonts/type1/public/amsfonts/cm/cm
r10.pfb><C:/Program Files/MiKTeX 2.9/fonts/type1/public/amsfonts/cm/cmr12.pfb><
C:/Program Files/MiKTeX 2.9/fonts/type1/public/amsfonts/cm/cmr5.pfb><C:/Program
 Files/MiKTeX 2.9/fonts/type1/public/amsfonts/cm/cmr6.pfb><C:/Program Files/MiK
TeX 2.9/fonts/type1/public/amsfonts/cm/cmr7.pfb><C:/Program Files/MiKTeX 2.9/fo
nts/type1/public/amsfonts/cm/cmr8.pfb><C:/Program Files/MiKTeX 2.9/fonts/type1/
public/amsfonts/cm/cmss8.pfb><C:/Program Files/MiKTeX 2.9/fonts/type1/public/am
sfonts/cm/cmsy10.pfb><C:/Program Files/MiKTeX 2.9/fonts/type1/public/amsfonts/c
m/cmsy8.pfb><C:/Program Files/MiKTeX 2.9/fonts/type1/public/amsfonts/cm/cmti10.
pfb><C:/Program Files/MiKTeX 2.9/fonts/type1/public/amsfonts/cm/cmti8.pfb><C:/P
rogram Files/MiKTeX 2.9/fonts/type1/public/amsfonts/cm/cmtt10.pfb><C:/Program F
iles/MiKTeX 2.9/fonts/type1/public/amsfonts/cm/cmtt8.pfb><C:/Program Files/MiKT
eX 2.9/fonts/type1/public/amsfonts/cm/cmtt9.pfb>
Output written on Textbook.pdf (113 pages, 1665670 bytes).
PDF statistics:
 532 PDF objects out of 1000 (max. 8388607)
 0 named destinations out of 1000 (max. 500000)
 369 words of extra memory for PDF output out of 10000 (max. 10000000)

